<?xml version="1.0" encoding="UTF-8"?>
<!-- Generated by org.testng.reporters.JUnitXMLReporter -->
<testsuite ignored="0" hostname="ip-172-31-18-244" failures="0" tests="3" name="Test" time="25.176" errors="0" timestamp="16 Feb 2024 17:23:27 GMT">
  <testcase classname="Uitest.LoginTest" name="LoginFailiureTest" time="5.425"/>
  <testcase classname="Uitest.LoginTest" name="LoginSuccessTest" time="5.5"/>
  <testcase classname="Uitest.AddToCartTest" name="productOneTest" time="5.59"/>
</testsuite> <!-- Test -->
