<?xml version="1.0" encoding="UTF-8"?>
<testsuite xmlns:xsi="http://www.w3.org/2001/XMLSchema-instance" xsi:noNamespaceSchemaLocation="https://maven.apache.org/surefire/maven-surefire-plugin/xsd/surefire-test-report-3.0.xsd" version="3.0" name="TestSuite" time="18.738" tests="2" errors="0" skipped="0" failures="0">
  <properties>
[...]
</properties>
  <testcase name="LoginFailiureTest" classname="Uitest.LoginTest" time="5.42">
    <system-out><![CDATA[[TestNGContentHandler] [WARN] It is strongly recommended to add "<!DOCTYPE suite SYSTEM "http://testng.org/testng-1.0.dtd" >" at the top of your file, otherwise TestNG may fail or not work as expected.
The error message is Epic sadface: Username and password do not match any user in this service
]]></system-out>
    <system-err><![CDATA[SLF4J: No SLF4J providers were found.
SLF4J: Defaulting to no-operation (NOP) logger implementation
SLF4J: See https://www.slf4j.org/codes.html#noProviders for further details.
1708094585687	geckodriver	INFO	Listening on 127.0.0.1:10111
1708094585862	mozrunner::runner	INFO	Running command: "/opt/firefox/firefox" "--marionette" "-no-remote" "-profile" "/tmp/rust_mozprofile5sHpCC"
1708094586342	Marionette	INFO	Marionette enabled
1708094586347	Marionette	INFO	Listening on port 43949
Read port: 43949
1708094586439	RemoteAgent	WARN	TLS certificate errors will be ignored for this session
console.warn: SearchSettings: "get: No settings file exists, new profile?" (new NotFoundError("Could not open the file at /tmp/rust_mozprofile5sHpCC/search.json.mozlz4", (void 0)))
Feb 16, 2024 2:43:07 PM org.openqa.selenium.remote.ProtocolHandshake createSession
INFO: Detected dialect: W3C
console.warn: LoginRecipes: "Falling back to a synchronous message for: https://www.saucedemo.com."
]]></system-err>
  </testcase>
  <testcase name="LoginSuccessTest" classname="Uitest.LoginTest" time="5.422">
    <system-out><![CDATA[The error message is Products
]]></system-out>
    <system-err><![CDATA[1708094593770	Marionette	INFO	Stopped listening on port 43949
WARNING: A blocker encountered an error while we were waiting.
          Blocker:  Waiting for ping task
          Phase: TelemetryController: Waiting for pending ping activity
          State: (none)
WARNING: Error: Phase "profile-before-change" is finished, it is too late to register completion condition "OS.File: flush I/O queued before profileBeforeChange"
WARNING: addBlocker@resource://gre/modules/AsyncShutdown.jsm:703:15
addBlocker@resource://gre/modules/AsyncShutdown.jsm:511:26
addBlocker@resource://gre/modules/AsyncShutdown.jsm:450:15
setupShutdown@resource://gre/modules/osfile/osfile_async_front.jsm:1563:28
@resource://gre/modules/osfile/osfile_async_front.jsm:1583:16
@resource://gre/modules/osfile.jsm:12:30
@resource://gre/modules/TelemetryStorage.jsm:19:28
promiseArchivePing@resource://gre/modules/TelemetryArchive.jsm:103:5
promiseArchivePing@resource://gre/modules/TelemetryArchive.jsm:63:33
_submitPingLogic@resource://gre/modules/TelemetryControllerParent.jsm:540:48
send@resource://gre/modules/TelemetryControllerParent.jsm:628:24
submitExternalPing@resource://gre/modules/TelemetryControllerParent.jsm:182:17
sendPing@resource://gre/modules/EventPing.jsm:51:30
_submitPing@resource://gre/modules/EventPing.jsm:229:12
shutdown@resource://gre/modules/EventPing.jsm:112:10
_cleanupOnShutdown@resource://gre/modules/TelemetryControllerParent.jsm:940:31
shutdown/<@resource://gre/modules/TelemetryControllerParent.jsm:1010:24
observe@resource://gre/modules/AsyncShutdown.jsm:560:16

WARNING: A blocker encountered an error while we were waiting.
          Blocker:  Waiting for ping task
          Phase: TelemetryController: Waiting for pending ping activity
          State: (none)
WARNING: Error: Phase "profile-before-change" is finished, it is too late to register completion condition "OS.File: flush I/O queued before profileBeforeChange"
WARNING: addBlocker@resource://gre/modules/AsyncShutdown.jsm:703:15
addBlocker@resource://gre/modules/AsyncShutdown.jsm:511:26
addBlocker@resource://gre/modules/AsyncShutdown.jsm:450:15
setupShutdown@resource://gre/modules/osfile/osfile_async_front.jsm:1563:28
@resource://gre/modules/osfile/osfile_async_front.jsm:1583:16
@resource://gre/modules/osfile.jsm:12:30
@resource://gre/modules/TelemetryStorage.jsm:19:28
promiseArchivePing@resource://gre/modules/TelemetryArchive.jsm:103:5
promiseArchivePing@resource://gre/modules/TelemetryArchive.jsm:63:33
_submitPingLogic@resource://gre/modules/TelemetryControllerParent.jsm:540:48
send@resource://gre/modules/TelemetryControllerParent.jsm:628:24
submitExternalPing@resource://gre/modules/TelemetryControllerParent.jsm:182:17
saveShutdownPings@resource://gre/modules/TelemetrySession.jsm:982:34
shutdownChromeProcess/cleanup/<@resource://gre/modules/TelemetrySession.jsm:1232:20
cleanup@resource://gre/modules/TelemetrySession.jsm:1239:9
shutdownChromeProcess@resource://gre/modules/TelemetrySession.jsm:1256:14
shutdown@resource://gre/modules/TelemetrySession.jsm:247:17
_cleanupOnShutdown@resource://gre/modules/TelemetryControllerParent.jsm:959:35
observe@resource://gre/modules/AsyncShutdown.jsm:560:16

WARNING: A blocker encountered an error while we were waiting.
          Blocker:  Waiting for ping task
          Phase: TelemetryController: Waiting for pending ping activity
          State: (none)
WARNING: Error: Phase "profile-before-change" is finished, it is too late to register completion condition "OS.File: flush I/O queued before profileBeforeChange"
WARNING: addBlocker@resource://gre/modules/AsyncShutdown.jsm:703:15
addBlocker@resource://gre/modules/AsyncShutdown.jsm:511:26
addBlocker@resource://gre/modules/AsyncShutdown.jsm:450:15
setupShutdown@resource://gre/modules/osfile/osfile_async_front.jsm:1563:28
@resource://gre/modules/osfile/osfile_async_front.jsm:1583:16
@resource://gre/modules/osfile.jsm:12:30
@resource://gre/modules/TelemetryStorage.jsm:19:28
promiseArchivePing@resource://gre/modules/TelemetryArchive.jsm:103:5
promiseArchivePing@resource://gre/modules/TelemetryArchive.jsm:63:33
_submitPingLogic@resource://gre/modules/TelemetryControllerParent.jsm:540:48
send@resource://gre/modules/TelemetryControllerParent.jsm:628:24
submitExternalPing@resource://gre/modules/TelemetryControllerParent.jsm:182:17
saveShutdownPings@resource://gre/modules/TelemJetavraySScersipsti oernr.ojrs:m r:e1s0o1ur4c:3e:6/
/gsrhe/muotdduloewsn/CAshyrnocmSehuPtrdoowcne.sjssm/,c lleianne u7p03/: <E@rrroers:o Puharscee ":p/ro/fgirlee/-mboeduflorees-/chTealngeem"e its rfyinSiesshesdi,on .ijts mi:s1 t2o3o2 l:at2e0 
tcol ereagniustepr @croemspoluertcieo:n /c/ognrdei/tmiodounl e"sO/TS.eFlielmee:t rfylSuesshs iIo/nO. jqsmu:e1ue2d3 9b:e9f
osrhe uptrdoofwinlCehBreofmoerPerCohcaengess@resource://gre/modules/TelemetrySession.jsm:12"5
6:14
shutdown@resource://gre/modules/TelemetrySession.jsm:247:17
_cleanupOnShutdown@resource://gre/modules/TelemetryControllerParent.jsm:959:35
observe@resource://gre/modules/AsyncShutdown.jsm:560:16

WARNING: A blocker encountered an error while we were waiting.
          Blocker:  TelemetryController: shutting down
          Phase: profile-before-change-telemetry
          State: Error getting state: Error: Phase "profile-before-change" is finished, it is too late to register completion condition "OS.File: flush I/O queued before profileJBaevfaoSrcerCihpatn egrer"o ra:t  raedsdoBulroccek:e/r/@rgerseo/muordcuel:e/s//Agsryen/mcoSdhuultedso/wAns.ynjcSshmutdow,n .ljsim:n70e3 :175
0a3dd:Bl oErcrkoerr:@ rPehsaosuerce :"/p/rgorfei/lmeod-ublees/foArsey-nccShange" hiust dofwinn.ijsshm:e5d1,1 :i2t6 
iasd dtBoloo clkaetre@ rteo sroeugrciest:e/r/ gcroem/pmloedutlieosn/ AcsoynndciSthiuotnd o"wOnS..jsFmi:l4e5:0 :1f5l
usseht upISh/uOt doqwune@ureeds oburecfeo:r/e/g rper/omfodiulleesB/eofsofrieClhea/nogsef"i
le_asyJnacv_afSrcorntip.tj semr:r1o5r6:3 :r28e
s@oreusrocuer:c/e://g/rger/em/omodduulleess//AossyfncShuitldeo/wons.fijlsem_,a sylnicn_ef r7o0n3t:. jEsrmr:o15r8:3 :P1h6a
s@er e"sporuorfciel:e/-/gbreef/omroed-uclheasn/gosefi"l ei.sj fsmi:n1i2s:h3ed0,
 @irte soisu rtcoeo :l/a/tgree t/moo dulregeiss/tTeerl ecmoemtprlyeSttioorna gceo.njdsimt:i1o9n "OS.File: flush I/O queued before p:ro2f8i
lgeeBteSfhouretCdhoanwgneS"t
Jaatvea@rSecsoruirpcet:/ /egrrre/moord:u lrees/sToeulermectery:S/en/dg.rjsem/:m1o6d8u7l:e7s
/gAetsSynhcuSthduotwdnoSwtna.tjes@mr,e sloiunrec e7:0/3/:g rEer/rmoord:u lPehsa/sTee l"epmreotfriylSee-nbde.fjosrme:-3c6h9a:n3g0
e_"g eitsS tfainties@hreeds,o uircte :i/s/ gtroe/om oladtuel etso/ TreelgeimetryControllerParent.jsm:1058:38
setupTelemetry/<@resource://gre/modules/TelemetryControllerParent.jsm:917:18
safeGetState@resource://gre/modules/AsyncShutdown.jsm:242:17
Barrier/addBlocker/promise<@resource://gre/modules/AsyncShutdown.jsm:751:20
observe@resource://gre/modules/AsyncShutdown.jsm:560:16

WARNING: Error: Phase "profile-before-change" is finished, it is too late to register completion condition "OS.File: flush I/O queued before profileBeforeChange"
WARNING: addBlocker@resource://gre/modules/AsyncShutdown.jsm:703:15
addBlocker@resource://gre/modules/AsyncShutdown.jsm:511:26
addBlocker@resource://gre/modules/AsyncShutdown.jsm:450:15
setupShutdown@resource://gre/modules/osfile/osfile_async_front.jsm:1563:28
@resource://gre/modules/osfile/osfile_async_front.jsm:1583:16
@resource://gre/modules/osfile.jsm:12:30
@resource://gre/modules/TelemetryStorage.jsm:19:28
removeAbortedSessionPing@resource://gre/modules/TelemetryControllerParent.jsm:721:5
removeAbortedSessionPing@resource://gre/modules/TelemetryControllerParent.jsm:249:17
shutdownChromeProcess/cleanup/<@resources://gre/modules/TelemetrySession.jsm:1235:42
observe@resource://gre/modules/AsyncShutdown.jsm:560:16

ter completion condition "OS.File: flush I/O queued before profileBeforeChange"
JavaScript error: resource://gre/modules/AsyncShutdown.jsm, line 703: Error: Phase "profile-before-change" is finished, it is too late to register completion condition "OS.File: flush I/O queued before profileBeforeChange"
JavaScript error: resource://gre/modules/AsyncShutdown.jsm, line 703: Error: Phase "profile-before-change" is finished, it is too late to register completion condition "OS.File: flush I/O queued before profileBeforeChange"
1708094594629	geckodriver	INFO	Listening on 127.0.0.1:29623
1708094594646	mozrunner::runner	INFO	Running command: "/opt/firefox/firefox" "--marionette" "-no-remote" "-profile" "/tmp/rust_mozprofilePpTSBp"
1708094595140	Marionette	INFO	Marionette enabled
1708094595144	Marionette	INFO	Listening on port 38843
Read port: 38843
1708094595235	RemoteAgent	WARN	TLS certificate errors will be ignored for this session
console.warn: SearchSettings: "get: No settings file exists, new profile?" (new NotFoundError("Could not open the file at /tmp/rust_mozprofilePpTSBp/search.json.mozlz4", (void 0)))
Feb 16, 2024 2:43:16 PM org.openqa.selenium.remote.ProtocolHandshake createSession
INFO: Detected dialect: W3C
console.warn: LoginRecipes: "Falling back to a synchronous message for: https://www.saucedemo.com."
console.warn: LoginRecipes: "Falling back to a synchronous message for: https://www.saucedemo.com."
]]></system-err>
  </testcase>
</testsuite>