<?xml version="1.0" encoding="UTF-8"?>
<testng-results ignored="0" total="2" passed="2" failed="0" skipped="0">
  <reporter-output>
  </reporter-output>
  <suite started-at="2024-02-16T14:43:05Z" name="Suite" finished-at="2024-02-16T14:43:23Z" duration-ms="18140">
    <groups>
    </groups>
    <test started-at="2024-02-16T14:43:05Z" name="Test" finished-at="2024-02-16T14:43:23Z" duration-ms="18140">
      <class name="Uitest.LoginTest">
        <test-method is-config="true" signature="SetUp()[pri:0, instance:Uitest.LoginTest@659499f1]" started-at="2024-02-16T14:43:05Z" name="SetUp" finished-at="2024-02-16T14:43:08Z" duration-ms="3104" status="PASS">
          <reporter-output>
          </reporter-output>
        </test-method> <!-- SetUp -->
        <test-method signature="LoginFailiureTest()[pri:0, instance:Uitest.LoginTest@659499f1]" started-at="2024-02-16T14:43:08Z" name="LoginFailiureTest" finished-at="2024-02-16T14:43:13Z" duration-ms="5452" status="PASS">
          <reporter-output>
          </reporter-output>
        </test-method> <!-- LoginFailiureTest -->
        <test-method is-config="true" signature="TearDown()[pri:0, instance:Uitest.LoginTest@659499f1]" started-at="2024-02-16T14:43:13Z" name="TearDown" finished-at="2024-02-16T14:43:14Z" duration-ms="826" status="PASS">
          <reporter-output>
          </reporter-output>
        </test-method> <!-- TearDown -->
        <test-method is-config="true" signature="SetUp()[pri:0, instance:Uitest.LoginTest@659499f1]" started-at="2024-02-16T14:43:14Z" name="SetUp" finished-at="2024-02-16T14:43:17Z" duration-ms="2537" status="PASS">
          <reporter-output>
          </reporter-output>
        </test-method> <!-- SetUp -->
        <test-method signature="LoginSuccessTest()[pri:0, instance:Uitest.LoginTest@659499f1]" started-at="2024-02-16T14:43:17Z" name="LoginSuccessTest" finished-at="2024-02-16T14:43:22Z" duration-ms="5426" status="PASS">
          <reporter-output>
          </reporter-output>
        </test-method> <!-- LoginSuccessTest -->
        <test-method is-config="true" signature="TearDown()[pri:0, instance:Uitest.LoginTest@659499f1]" started-at="2024-02-16T14:43:22Z" name="TearDown" finished-at="2024-02-16T14:43:23Z" duration-ms="779" status="PASS">
          <reporter-output>
          </reporter-output>
        </test-method> <!-- TearDown -->
      </class> <!-- Uitest.LoginTest -->
    </test> <!-- Test -->
  </suite> <!-- Suite -->
</testng-results>
