<?xml version="1.0" encoding="UTF-8"?>
<testng-results ignored="0" total="1" passed="1" failed="0" skipped="0">
  <reporter-output>
  </reporter-output>
  <suite started-at="2024-04-23T23:35:35Z" name="Default suite" finished-at="2024-04-23T23:35:48Z" duration-ms="12669">
    <groups>
    </groups>
    <test started-at="2024-04-23T23:35:35Z" name="Default test" finished-at="2024-04-23T23:35:48Z" duration-ms="12669">
      <class name="Uitest.AddToCartTest">
        <test-method is-config="true" signature="SetUp()[pri:0, instance:Uitest.AddToCartTest@31add175]" started-at="2024-04-23T23:35:35Z" name="SetUp" finished-at="2024-04-23T23:35:42Z" duration-ms="6532" status="PASS">
          <reporter-output>
          </reporter-output>
        </test-method> <!-- SetUp -->
        <test-method signature="productOneTest()[pri:0, instance:Uitest.AddToCartTest@31add175]" started-at="2024-04-23T23:35:42Z" name="productOneTest" finished-at="2024-04-23T23:35:48Z" duration-ms="6113" status="PASS">
          <reporter-output>
          </reporter-output>
        </test-method> <!-- productOneTest -->
        <test-method is-config="true" signature="TearDown()[pri:0, instance:Uitest.AddToCartTest@31add175]" started-at="2024-04-23T23:35:48Z" name="TearDown" finished-at="2024-04-23T23:35:48Z" duration-ms="0" status="PASS">
          <reporter-output>
          </reporter-output>
        </test-method> <!-- TearDown -->
      </class> <!-- Uitest.AddToCartTest -->
    </test> <!-- Default test -->
  </suite> <!-- Default suite -->
</testng-results>
